<?xml version="1.0" encoding="UTF-8"?>
<!-- Generated by org.testng.reporters.JUnitReportReporter -->
<testsuite hostname="DESKTOP-FM4O9B7" failures="0" tests="1" name="MyTestcase" time="3.319" errors="0" timestamp="2023-11-29T21:26:05 EET" skipped="0">
  <testcase classname="MyTestcase" name="myFirstTest" time="3.319"/>
</testsuite> <!-- MyTestcase -->
