<?xml version="1.0" encoding="UTF-8"?>
<!-- Generated by org.testng.reporters.JUnitReportReporter -->
<testsuite hostname="DESKTOP-FM4O9B7" failures="0" tests="1" name="exam" time="37.838" errors="0" timestamp="2023-12-02T19:41:20 EET" skipped="0">
  <testcase classname="exam" name="LoginTest" time="37.838"/>
</testsuite> <!-- exam -->
